<?xml version="1.0" encoding="UTF-8"?>
<testsuite name="com.example.bankcards.PasswordForAdminGenerator" tests="1" skipped="0" failures="0" errors="0" timestamp="2025-08-30T19:18:44.592Z" hostname="WS" time="0.139">
  <properties/>
  <testcase name="passwordForAdminGenerator()" classname="com.example.bankcards.PasswordForAdminGenerator" time="0.139"/>
  <system-out><![CDATA[60
]]></system-out>
  <system-err><![CDATA[]]></system-err>
</testsuite>
