<?xml version="1.0" encoding="UTF-8"?>
<testsuite name="com.example.bankcards.PasswordForAdminGenerator" tests="1" skipped="0" failures="0" errors="0" timestamp="2025-08-30T12:18:59.579Z" hostname="WS" time="0.135">
  <properties/>
  <testcase name="passwordForAdminGenerator()" classname="com.example.bankcards.PasswordForAdminGenerator" time="0.135"/>
  <system-out><![CDATA[$2a$10$JraFpfguTs46J9nq9QYpVuQ0traa1sF7im1LcAFgHlFK/iKQ82CRO
]]></system-out>
  <system-err><![CDATA[]]></system-err>
</testsuite>
