<?xml version="1.0" encoding="UTF-8"?>
<testsuite name="com.example.bankcards.BankCardEncoderTest" tests="1" skipped="0" failures="0" errors="0" timestamp="2025-08-31T16:44:59.236Z" hostname="WS" time="0.029">
  <properties/>
  <testcase name="test()" classname="com.example.bankcards.BankCardEncoderTest" time="0.029"/>
  <system-out><![CDATA[DYw3ZcE45osN4T0FHNusKA==
]]></system-out>
  <system-err><![CDATA[]]></system-err>
</testsuite>
